<?xml version="1.0" encoding="UTF-8"?>
<!-- Generated by org.testng.reporters.JUnitXMLReporter -->
<testsuite hostname="Inspiron" ignored="0" name="Default test" tests="9" failures="0" timestamp="22 Oct 2017 15:33:55 GMT" time="110.554" errors="0">
  <testcase name="Firsttabdetails" time="5.935" classname="zb.JodelProject"/>
  <testcase name="Secondtabdetails" time="1.875" classname="zb.JodelProject"/>
  <testcase name="thirdtabdetails" time="2.469" classname="zb.JodelProject"/>
  <testcase name="Backtofirsttab" time="16.46" classname="zb.JodelProject"/>
  <testcase name="Deletejodel" time="3.4" classname="zb.JodelProject"/>
  <testcase name="Swipefunction" time="23.815" classname="zb.JodelProject"/>
  <testcase name="replytojodel" time="11.827" classname="zb.JodelProject"/>
  <testcase name="Pinthejodel" time="6.196" classname="zb.JodelProject"/>
  <testcase name="camerafunctionholdandview" time="13.818" classname="zb.JodelProject"/>
</testsuite> <!-- Default test -->
